2025-05-14T09:21:11.778Z [undefined] info: undefined
2025-05-14T09:21:20.080Z [undefined] info: undefined
2025-05-14T09:21:47.777Z [undefined] info: undefined
2025-05-14T09:21:51.804Z [undefined] info: undefined
2025-05-14T09:22:52.312Z [undefined] info: undefined
2025-05-14T09:22:54.458Z [undefined] info: undefined
2025-05-14T09:22:57.289Z [undefined] info: undefined
2025-05-14T09:22:59.249Z [undefined] info: undefined
2025-05-14T09:25:16.789Z [undefined] info: undefined
2025-05-14T09:25:22.783Z [undefined] info: undefined
2025-05-14T09:25:40.451Z [undefined] info: eyJhbGciOiJIUzI1NiIsInR5cCI6IkpXVCJ9.eyJpZCI6MSwibmFtZSI6InRlc3QiLCJpYXQiOjE3NDcyMTQ3NDAsImV4cCI6MTc0NzIxNTY0MH0.EtigPcr1UhdEkBVe25MPlxzv93CCX0XaypNGi160pMc
2025-05-14T09:25:44.418Z [undefined] info: eyJhbGciOiJIUzI1NiIsInR5cCI6IkpXVCJ9.eyJpZCI6MSwibmFtZSI6InRlc3QiLCJpYXQiOjE3NDcyMTQ3NDQsImV4cCI6MTc0NzIxNTY0NH0.Dz2_S8YW0jjMONFTV7GvqcF-rsrUbGlm1eReewIetOM
2025-05-14T09:26:06.505Z [undefined] info: eyJhbGciOiJIUzI1NiIsInR5cCI6IkpXVCJ9.eyJpZCI6MSwibmFtZSI6InRlc3QiLCJpYXQiOjE3NDcyMTQ3NjYsImV4cCI6MTc0NzIxNTY2Nn0.ltITrgeohDZla77Jba-0RtBzQH6BE4y6EQxYM6z_1GI
2025-05-14T09:26:33.436Z [undefined] info: eyJhbGciOiJIUzI1NiIsInR5cCI6IkpXVCJ9.eyJpZCI6MSwibmFtZSI6InRlc3QiLCJpYXQiOjE3NDcyMTQ3OTMsImV4cCI6MTc0NzIxNTY5M30.Icsj0VUxYyMWzaDfYIeIvIsjazDCEXZlV2t8BIlbP5M
2025-05-14T09:27:37.970Z [undefined] info: eyJhbGciOiJIUzI1NiIsInR5cCI6IkpXVCJ9.eyJpZCI6MSwibmFtZSI6InRlc3QiLCJpYXQiOjE3NDcyMTQ4NTcsImV4cCI6MTc0NzIxNTc1N30.16Ord_gOww3wEs-iU2ztFLuxIqcCDrYQWPvv89iEmfc
2025-05-14T09:27:43.975Z [undefined] info: eyJhbGciOiJIUzI1NiIsInR5cCI6IkpXVCJ9.eyJpZCI6MSwibmFtZSI6InRlc3QiLCJpYXQiOjE3NDcyMTQ4NjMsImV4cCI6MTc0NzIxNTc2M30.Yl8Ig1KaR9w56LoUjfQdgLw0niubMtTSRebKxGsQyYs
2025-05-14T09:28:22.980Z [undefined] info: eyJhbGciOiJIUzI1NiIsInR5cCI6IkpXVCJ9.eyJpZCI6MSwibmFtZSI6InRlc3QiLCJpYXQiOjE3NDcyMTQ5MDIsImV4cCI6MTc0NzIxNTgwMn0.Y98Plt7nWKudY_FK9zMuTvRHTOFiqjD5Rtw4d7A6HOE
2025-05-14T09:29:04.646Z [undefined] info: eyJhbGciOiJIUzI1NiIsInR5cCI6IkpXVCJ9.eyJpZCI6MSwibmFtZSI6InRlc3QiLCJpYXQiOjE3NDcyMTQ5NDQsImV4cCI6MTc0NzIxNTg0NH0.-YxPMfYBsJOVj2ydJ37of1dAr67bK86FDWHntA2da_w
2025-05-14T09:29:13.575Z [undefined] info: eyJhbGciOiJIUzI1NiIsInR5cCI6IkpXVCJ9.eyJpZCI6MSwibmFtZSI6InRlc3QiLCJpYXQiOjE3NDcyMTQ5NTMsImV4cCI6MTc0NzIxNTg1M30.hIQn6O5esv4CjUd4zilefyn-FDKJ21KwO7jRWuKsfpA
2025-05-14T09:29:15.631Z [undefined] info: eyJhbGciOiJIUzI1NiIsInR5cCI6IkpXVCJ9.eyJpZCI6MSwibmFtZSI6InRlc3QiLCJpYXQiOjE3NDcyMTQ5NTUsImV4cCI6MTc0NzIxNTg1NX0.AtPC-skAJcwBQ4IVbXCwOZ3VSm-ak42hpiP2ElwEdRw
2025-05-14T09:29:33.605Z [undefined] info: eyJhbGciOiJIUzI1NiIsInR5cCI6IkpXVCJ9.eyJpZCI6MSwibmFtZSI6InRlc3QiLCJpYXQiOjE3NDcyMTQ5NzMsImV4cCI6MTc0NzIxNTg3M30.mjvK7DdxzmKEXrOnojiU2pFqraAauZPFU6RwBklArn0
2025-05-14T09:29:33.607Z [undefined] error: invalid token
2025-05-14T09:29:35.519Z [undefined] info: eyJhbGciOiJIUzI1NiIsInR5cCI6IkpXVCJ9.eyJpZCI6MSwibmFtZSI6InRlc3QiLCJpYXQiOjE3NDcyMTQ5NzUsImV4cCI6MTc0NzIxNTg3NX0.UFMHAlEu7pws4al3qtDw0x_Af1UlDZbBFeY2qWfRHTw
2025-05-14T09:29:35.520Z [undefined] error: invalid token
2025-05-14T09:30:03.850Z [undefined] info: eyJhbGciOiJIUzI1NiIsInR5cCI6IkpXVCJ9.eyJpZCI6MSwibmFtZSI6InRlc3QiLCJpYXQiOjE3NDcyMTUwMDMsImV4cCI6MTc0NzIxNTkwM30.uKej3jJe5DuI19Y39w7dfYOp15O60vGX0vxmay3ygv4
2025-05-14T09:30:03.852Z [undefined] error: invalid token
2025-05-14T09:30:11.606Z [undefined] info: eyJhbGciOiJIUzI1NiIsInR5cCI6IkpXVCJ9.eyJpZCI6MSwibmFtZSI6InRlc3QiLCJpYXQiOjE3NDcyMTUwMTEsImV4cCI6MTc0NzIxNTkxMX0.UzB5eW89bBtIyjnVPNBYTEj3yjGTwcNGepTHT0rxtpc
2025-05-14T09:30:11.609Z [undefined] info: [object Object]
2025-05-14T09:32:58.383Z [ReshimgathiMarathaMatrimony] info: MongoDB connected
2025-05-14T09:33:10.302Z [ReshimgathiMarathaMatrimony] info: MongoDB connected
2025-05-14T09:33:29.919Z [ReshimgathiMarathaMatrimony] info: MongoDB connected
2025-05-14T09:34:32.477Z [ReshimgathiMarathaMatrimony] info: Server is listening on port 3000
2025-05-14T09:34:32.483Z [ReshimgathiMarathaMatrimony] info: MongoDB connected
2025-05-14T09:34:38.808Z [ReshimgathiMarathaMatrimony] info: Server is listening on port 3000
2025-05-14T09:34:38.814Z [ReshimgathiMarathaMatrimony] info: MongoDB connected
2025-05-14T09:34:39.281Z [ReshimgathiMarathaMatrimony] info: Server is listening on port 3000
2025-05-14T09:34:39.288Z [ReshimgathiMarathaMatrimony] info: MongoDB connected
2025-05-14T09:34:39.697Z [ReshimgathiMarathaMatrimony] info: Server is listening on port 3000
2025-05-14T09:34:39.702Z [ReshimgathiMarathaMatrimony] info: MongoDB connected
2025-05-14T09:34:39.935Z [ReshimgathiMarathaMatrimony] info: Server is listening on port 3000
2025-05-14T09:34:39.941Z [ReshimgathiMarathaMatrimony] info: MongoDB connected
2025-05-14T09:34:42.154Z [ReshimgathiMarathaMatrimony] info: Server is listening on port 3000
2025-05-14T09:34:42.160Z [ReshimgathiMarathaMatrimony] info: MongoDB connected
2025-05-14T09:34:43.870Z [ReshimgathiMarathaMatrimony] info: Server is listening on port 3000
2025-05-14T09:34:43.877Z [ReshimgathiMarathaMatrimony] info: MongoDB connected
2025-05-14T09:34:46.084Z [ReshimgathiMarathaMatrimony] info: Server is listening on port 3000
2025-05-14T09:34:46.090Z [ReshimgathiMarathaMatrimony] info: MongoDB connected
2025-05-14T09:34:46.451Z [ReshimgathiMarathaMatrimony] info: Server is listening on port 3000
2025-05-14T09:34:46.457Z [ReshimgathiMarathaMatrimony] info: MongoDB connected
2025-05-14T09:34:46.943Z [ReshimgathiMarathaMatrimony] info: Server is listening on port 3000
2025-05-14T09:34:46.949Z [ReshimgathiMarathaMatrimony] info: MongoDB connected
2025-05-14T09:34:47.324Z [ReshimgathiMarathaMatrimony] info: Server is listening on port 3000
2025-05-14T09:34:47.330Z [ReshimgathiMarathaMatrimony] info: MongoDB connected
2025-05-14T09:34:59.388Z [ReshimgathiMarathaMatrimony] info: Server is listening on port 3000
2025-05-14T09:34:59.395Z [ReshimgathiMarathaMatrimony] info: MongoDB connected
2025-05-14T09:35:48.020Z [ReshimgathiMarathaMatrimony] info: Server is listening on port 3000
2025-05-14T09:35:48.027Z [ReshimgathiMarathaMatrimony] info: MongoDB connected
2025-05-14T09:36:04.487Z [ReshimgathiMarathaMatrimony] info: Server is listening on port 3000
2025-05-14T09:36:04.496Z [ReshimgathiMarathaMatrimony] info: MongoDB connected
2025-05-14T09:36:12.936Z [ReshimgathiMarathaMatrimony] info: Server is listening on port 3000
2025-05-14T09:36:12.946Z [ReshimgathiMarathaMatrimony] info: MongoDB connected
2025-05-14T09:36:20.612Z [ReshimgathiMarathaMatrimony] info: Server is listening on port 3000
2025-05-14T09:36:20.618Z [ReshimgathiMarathaMatrimony] info: MongoDB connected
2025-05-14T09:38:52.269Z [ReshimgathiMarathaMatrimony] info: Server is listening on port 3000
2025-05-14T09:38:52.281Z [ReshimgathiMarathaMatrimony] info: MongoDB connected
2025-05-14T09:41:30.336Z [ReshimgathiMarathaMatrimony] info: Server is listening on port 3000
2025-05-14T09:41:30.343Z [ReshimgathiMarathaMatrimony] info: MongoDB connected
2025-05-14T09:41:31.983Z [ReshimgathiMarathaMatrimony] info: Server is listening on port 3000
2025-05-14T09:41:31.990Z [ReshimgathiMarathaMatrimony] info: MongoDB connected
2025-05-14T09:43:12.181Z [ReshimgathiMarathaMatrimony] info: Server is listening on port 3000
2025-05-14T09:43:12.188Z [ReshimgathiMarathaMatrimony] info: MongoDB connected
2025-05-14T09:44:19.065Z [ReshimgathiMarathaMatrimony] info: Server is listening on port 3000
2025-05-14T09:44:19.072Z [ReshimgathiMarathaMatrimony] info: MongoDB connected
2025-05-14T09:46:37.289Z [ReshimgathiMarathaMatrimony] info: Server is listening on port 3000
2025-05-14T09:46:37.296Z [ReshimgathiMarathaMatrimony] info: MongoDB connected
2025-05-14T09:49:03.149Z [ReshimgathiMarathaMatrimony] info: Server is listening on port 3000
2025-05-14T09:49:03.156Z [ReshimgathiMarathaMatrimony] info: MongoDB connected
2025-05-14T09:49:17.423Z [ReshimgathiMarathaMatrimony] info: Server is listening on port 3000
2025-05-14T09:49:17.434Z [ReshimgathiMarathaMatrimony] info: MongoDB connected
2025-05-14T09:50:28.774Z [ReshimgathiMarathaMatrimony] info: Server is listening on port 3000
2025-05-14T09:50:28.781Z [ReshimgathiMarathaMatrimony] info: MongoDB connected
2025-05-14T09:53:53.651Z [ReshimgathiMarathaMatrimony] info: Server is listening on port 3000
2025-05-14T09:53:53.659Z [ReshimgathiMarathaMatrimony] info: MongoDB connected
2025-05-14T09:55:04.121Z [ReshimgathiMarathaMatrimony] info: Server is listening on port 3000
2025-05-14T09:55:04.128Z [ReshimgathiMarathaMatrimony] info: MongoDB connected
2025-05-14T09:55:09.407Z [ReshimgathiMarathaMatrimony] info: Server is listening on port 3000
2025-05-14T09:55:09.413Z [ReshimgathiMarathaMatrimony] info: MongoDB connected
2025-05-14T09:55:18.537Z [ReshimgathiMarathaMatrimony] info: Server is listening on port 3000
2025-05-14T09:55:18.544Z [ReshimgathiMarathaMatrimony] info: MongoDB connected
2025-05-14T09:55:36.570Z [ReshimgathiMarathaMatrimony] info: Server is listening on port 3000
2025-05-14T09:55:36.578Z [ReshimgathiMarathaMatrimony] info: MongoDB connected
2025-05-14T09:55:41.437Z [ReshimgathiMarathaMatrimony] info: Server is listening on port 3000
2025-05-14T09:55:41.449Z [ReshimgathiMarathaMatrimony] info: MongoDB connected
2025-05-14T09:55:43.818Z [ReshimgathiMarathaMatrimony] info: Server is listening on port 3000
2025-05-14T09:55:43.825Z [ReshimgathiMarathaMatrimony] info: MongoDB connected
2025-05-14T09:56:24.691Z [ReshimgathiMarathaMatrimony] info: Server is listening on port 3000
2025-05-14T09:56:24.698Z [ReshimgathiMarathaMatrimony] info: MongoDB connected
2025-05-14T09:56:54.518Z [ReshimgathiMarathaMatrimony] info: Server is listening on port 3000
2025-05-14T09:56:54.525Z [ReshimgathiMarathaMatrimony] info: MongoDB connected
2025-05-14T09:57:54.973Z [ReshimgathiMarathaMatrimony] info: Server is listening on port 3000
2025-05-14T09:57:54.980Z [ReshimgathiMarathaMatrimony] info: MongoDB connected
2025-05-14T10:00:28.649Z [ReshimgathiMarathaMatrimony] info: Server is listening on port 3000
2025-05-14T10:00:28.656Z [ReshimgathiMarathaMatrimony] info: MongoDB connected
2025-05-14T10:01:16.046Z [ReshimgathiMarathaMatrimony] info: Server is listening on port 3000
2025-05-14T10:01:16.053Z [ReshimgathiMarathaMatrimony] info: MongoDB connected
2025-05-14T10:02:37.884Z [ReshimgathiMarathaMatrimony] info: Server is listening on port 3000
2025-05-14T10:02:37.890Z [ReshimgathiMarathaMatrimony] info: MongoDB connected
2025-05-14T10:03:20.445Z [ReshimgathiMarathaMatrimony] info: Server is listening on port 3000
2025-05-14T10:03:20.451Z [ReshimgathiMarathaMatrimony] info: MongoDB connected
2025-05-14T10:05:57.980Z [ReshimgathiMarathaMatrimony] info: Server is listening on port 3000
2025-05-14T10:05:57.987Z [ReshimgathiMarathaMatrimony] info: MongoDB connected
2025-05-14T10:06:04.987Z [ReshimgathiMarathaMatrimony] info: Server is listening on port 3000
2025-05-14T10:06:04.994Z [ReshimgathiMarathaMatrimony] info: MongoDB connected
2025-05-14T10:06:27.220Z [ReshimgathiMarathaMatrimony] info: Server is listening on port 3000
2025-05-14T10:06:27.228Z [ReshimgathiMarathaMatrimony] info: MongoDB connected
2025-05-14T10:06:39.159Z [ReshimgathiMarathaMatrimony] info: Server is listening on port 3000
2025-05-14T10:06:39.167Z [ReshimgathiMarathaMatrimony] info: MongoDB connected
2025-05-14T10:06:57.562Z [ReshimgathiMarathaMatrimony] info: Server is listening on port 3000
2025-05-14T10:06:57.569Z [ReshimgathiMarathaMatrimony] info: MongoDB connected
2025-05-14T10:07:09.904Z [ReshimgathiMarathaMatrimony] info: Server is listening on port 3000
2025-05-14T10:07:09.911Z [ReshimgathiMarathaMatrimony] info: MongoDB connected
2025-05-14T10:07:19.036Z [ReshimgathiMarathaMatrimony] info: Server is listening on port 3000
2025-05-14T10:07:19.043Z [ReshimgathiMarathaMatrimony] info: MongoDB connected
2025-05-14T10:08:25.095Z [ReshimgathiMarathaMatrimony] info: Server is listening on port 3000
2025-05-14T10:08:25.102Z [ReshimgathiMarathaMatrimony] info: MongoDB connected
2025-05-14T10:10:18.369Z [ReshimgathiMarathaMatrimony] info: Server is listening on port 3000
2025-05-14T10:10:18.376Z [ReshimgathiMarathaMatrimony] info: MongoDB connected
2025-05-14T10:11:29.404Z [ReshimgathiMarathaMatrimony] info: Server is listening on port 3000
2025-05-14T10:11:29.412Z [ReshimgathiMarathaMatrimony] info: MongoDB connected
2025-05-14T10:11:54.331Z [ReshimgathiMarathaMatrimony] info: Server is listening on port 3000
2025-05-14T10:11:54.342Z [ReshimgathiMarathaMatrimony] info: MongoDB connected
2025-05-14T10:14:49.114Z [ReshimgathiMarathaMatrimony] info: Server is listening on port 3000
2025-05-14T10:14:49.126Z [ReshimgathiMarathaMatrimony] info: MongoDB connected
2025-05-14T10:15:02.475Z [ReshimgathiMarathaMatrimony] info: Server is listening on port 3000
2025-05-14T10:15:02.482Z [ReshimgathiMarathaMatrimony] info: MongoDB connected
2025-05-14T10:15:36.239Z [ReshimgathiMarathaMatrimony] info: Server is listening on port 3000
2025-05-14T10:15:36.246Z [ReshimgathiMarathaMatrimony] info: MongoDB connected
2025-05-14T10:18:34.072Z [ReshimgathiMarathaMatrimony] info: Server is listening on port 3000
2025-05-14T10:18:34.085Z [ReshimgathiMarathaMatrimony] info: MongoDB connected
2025-05-14T10:19:50.483Z [ReshimgathiMarathaMatrimony] info: Server is listening on port 3000
2025-05-14T10:19:50.490Z [ReshimgathiMarathaMatrimony] info: MongoDB connected
2025-05-14T10:21:23.633Z [ReshimgathiMarathaMatrimony] info: Server is listening on port 3000
2025-05-14T10:21:23.640Z [ReshimgathiMarathaMatrimony] info: MongoDB connected
2025-05-14T10:21:27.817Z [ReshimgathiMarathaMatrimony] info: Server is listening on port 3000
2025-05-14T10:21:27.824Z [ReshimgathiMarathaMatrimony] info: MongoDB connected
2025-05-14T10:21:31.255Z [ReshimgathiMarathaMatrimony] info: Server is listening on port 3000
2025-05-14T10:21:31.262Z [ReshimgathiMarathaMatrimony] info: MongoDB connected
2025-05-14T10:21:42.893Z [ReshimgathiMarathaMatrimony] info: Server is listening on port 3000
2025-05-14T10:21:42.900Z [ReshimgathiMarathaMatrimony] info: MongoDB connected
2025-05-14T10:21:47.596Z [ReshimgathiMarathaMatrimony] info: Server is listening on port 3000
2025-05-14T10:21:47.603Z [ReshimgathiMarathaMatrimony] info: MongoDB connected
2025-05-14T10:22:07.713Z [ReshimgathiMarathaMatrimony] info: Server is listening on port 3000
2025-05-14T10:22:07.719Z [ReshimgathiMarathaMatrimony] info: MongoDB connected
2025-05-14T10:22:30.647Z [ReshimgathiMarathaMatrimony] info: Server is listening on port 3000
2025-05-14T10:22:30.655Z [ReshimgathiMarathaMatrimony] info: MongoDB connected
2025-05-14T10:22:35.677Z [ReshimgathiMarathaMatrimony] info: Server is listening on port 3000
2025-05-14T10:22:35.685Z [ReshimgathiMarathaMatrimony] info: MongoDB connected
2025-05-14T10:22:37.899Z [ReshimgathiMarathaMatrimony] info: Server is listening on port 3000
2025-05-14T10:22:37.906Z [ReshimgathiMarathaMatrimony] info: MongoDB connected
2025-05-14T10:22:53.086Z [ReshimgathiMarathaMatrimony] info: Server is listening on port 3000
2025-05-14T10:22:53.093Z [ReshimgathiMarathaMatrimony] info: MongoDB connected
2025-05-14T10:23:30.921Z [ReshimgathiMarathaMatrimony] info: Server is listening on port 3000
2025-05-14T10:23:30.929Z [ReshimgathiMarathaMatrimony] info: MongoDB connected
2025-05-14T10:24:16.381Z [ReshimgathiMarathaMatrimony] info: Server is listening on port 3000
2025-05-14T10:24:16.388Z [ReshimgathiMarathaMatrimony] info: MongoDB connected
2025-05-14T10:26:26.582Z [ReshimgathiMarathaMatrimony] info: Server is listening on port 3000
2025-05-14T10:26:26.591Z [ReshimgathiMarathaMatrimony] info: MongoDB connected
2025-05-14T10:26:53.717Z [ReshimgathiMarathaMatrimony] info: Server is listening on port 3000
2025-05-14T10:26:53.727Z [ReshimgathiMarathaMatrimony] info: MongoDB connected
2025-05-14T10:27:11.154Z [ReshimgathiMarathaMatrimony] info: Server is listening on port 3000
2025-05-14T10:27:11.162Z [ReshimgathiMarathaMatrimony] info: MongoDB connected
2025-05-14T10:35:05.411Z [ReshimgathiMarathaMatrimony] info: Server is listening on port 3000
2025-05-14T10:35:05.424Z [ReshimgathiMarathaMatrimony] info: MongoDB connected
2025-05-14T10:35:57.420Z [ReshimgathiMarathaMatrimony] info: Server is listening on port 3000
2025-05-14T10:35:57.428Z [ReshimgathiMarathaMatrimony] info: MongoDB connected
2025-05-14T10:36:01.363Z [ReshimgathiMarathaMatrimony] info: Server is listening on port 3000
2025-05-14T10:36:01.378Z [ReshimgathiMarathaMatrimony] info: MongoDB connected
2025-05-14T10:36:05.565Z [ReshimgathiMarathaMatrimony] info: Server is listening on port 3000
2025-05-14T10:36:05.577Z [ReshimgathiMarathaMatrimony] info: MongoDB connected
2025-05-14T10:36:05.768Z [ReshimgathiMarathaMatrimony] info: Server is listening on port 3000
2025-05-14T10:36:05.775Z [ReshimgathiMarathaMatrimony] info: MongoDB connected
2025-05-14T10:36:06.052Z [ReshimgathiMarathaMatrimony] info: Server is listening on port 3000
2025-05-14T10:36:06.063Z [ReshimgathiMarathaMatrimony] info: MongoDB connected
2025-05-14T10:36:06.834Z [ReshimgathiMarathaMatrimony] info: Server is listening on port 3000
2025-05-14T10:36:06.842Z [ReshimgathiMarathaMatrimony] info: MongoDB connected
2025-05-14T10:36:07.035Z [ReshimgathiMarathaMatrimony] info: Server is listening on port 3000
2025-05-14T10:36:07.046Z [ReshimgathiMarathaMatrimony] info: MongoDB connected
2025-05-14T10:36:07.238Z [ReshimgathiMarathaMatrimony] info: Server is listening on port 3000
2025-05-14T10:36:07.244Z [ReshimgathiMarathaMatrimony] info: MongoDB connected
2025-05-14T10:36:53.460Z [ReshimgathiMarathaMatrimony] info: Server is listening on port 3000
2025-05-14T10:36:53.467Z [ReshimgathiMarathaMatrimony] info: MongoDB connected
2025-05-14T10:37:00.462Z [ReshimgathiMarathaMatrimony] info: Server is listening on port 3000
2025-05-14T10:37:00.468Z [ReshimgathiMarathaMatrimony] info: MongoDB connected
2025-05-14T10:37:02.367Z [ReshimgathiMarathaMatrimony] info: Server is listening on port 3000
2025-05-14T10:37:02.375Z [ReshimgathiMarathaMatrimony] info: MongoDB connected
2025-05-14T10:37:04.052Z [ReshimgathiMarathaMatrimony] info: Server is listening on port 3000
2025-05-14T10:37:04.059Z [ReshimgathiMarathaMatrimony] info: MongoDB connected
2025-05-14T10:37:24.646Z [ReshimgathiMarathaMatrimony] info: Server is listening on port 3000
2025-05-14T10:37:24.655Z [ReshimgathiMarathaMatrimony] info: MongoDB connected
2025-05-14T10:37:54.243Z [ReshimgathiMarathaMatrimony] info: Server is listening on port 3000
2025-05-14T10:37:54.250Z [ReshimgathiMarathaMatrimony] info: MongoDB connected
2025-05-14T10:38:11.954Z [ReshimgathiMarathaMatrimony] info: Server is listening on port 3000
2025-05-14T10:38:11.962Z [ReshimgathiMarathaMatrimony] info: MongoDB connected
2025-05-14T10:38:48.765Z [ReshimgathiMarathaMatrimony] info: Server is listening on port 3000
2025-05-14T10:38:48.772Z [ReshimgathiMarathaMatrimony] info: MongoDB connected
2025-05-14T10:39:01.613Z [ReshimgathiMarathaMatrimony] info: Server is listening on port 3000
2025-05-14T10:39:01.620Z [ReshimgathiMarathaMatrimony] info: MongoDB connected
2025-05-14T10:39:03.083Z [ReshimgathiMarathaMatrimony] info: Server is listening on port 3000
2025-05-14T10:39:03.091Z [ReshimgathiMarathaMatrimony] info: MongoDB connected
2025-05-14T10:39:23.285Z [ReshimgathiMarathaMatrimony] info: Server is listening on port 3000
2025-05-14T10:39:23.292Z [ReshimgathiMarathaMatrimony] info: MongoDB connected
2025-05-14T10:39:47.049Z [ReshimgathiMarathaMatrimony] info: Server is listening on port 3000
2025-05-14T10:39:47.057Z [ReshimgathiMarathaMatrimony] info: MongoDB connected
2025-05-14T10:40:04.310Z [ReshimgathiMarathaMatrimony] info: Server is listening on port 3000
2025-05-14T10:40:04.318Z [ReshimgathiMarathaMatrimony] info: MongoDB connected
2025-05-14T10:40:44.007Z [ReshimgathiMarathaMatrimony] info: Server is listening on port 3000
2025-05-14T10:40:44.015Z [ReshimgathiMarathaMatrimony] info: MongoDB connected
2025-05-14T10:40:44.919Z [ReshimgathiMarathaMatrimony] info: Server is listening on port 3000
2025-05-14T10:40:44.927Z [ReshimgathiMarathaMatrimony] info: MongoDB connected
2025-05-14T10:40:59.311Z [ReshimgathiMarathaMatrimony] info: Server is listening on port 3000
2025-05-14T10:40:59.321Z [ReshimgathiMarathaMatrimony] info: MongoDB connected
2025-05-14T10:41:05.506Z [ReshimgathiMarathaMatrimony] info: Server is listening on port 3000
2025-05-14T10:41:05.514Z [ReshimgathiMarathaMatrimony] info: MongoDB connected
2025-05-14T10:41:34.524Z [ReshimgathiMarathaMatrimony] info: Server is listening on port 3000
2025-05-14T10:41:34.530Z [ReshimgathiMarathaMatrimony] info: MongoDB connected
2025-05-14T10:42:15.556Z [ReshimgathiMarathaMatrimony] info: Server is listening on port 3000
2025-05-14T10:42:15.563Z [ReshimgathiMarathaMatrimony] info: MongoDB connected
2025-05-14T10:42:16.972Z [ReshimgathiMarathaMatrimony] info: Server is listening on port 3000
2025-05-14T10:42:16.982Z [ReshimgathiMarathaMatrimony] info: MongoDB connected
2025-05-14T10:42:17.722Z [ReshimgathiMarathaMatrimony] info: Server is listening on port 3000
2025-05-14T10:42:17.728Z [ReshimgathiMarathaMatrimony] info: MongoDB connected
2025-05-14T10:42:18.784Z [ReshimgathiMarathaMatrimony] info: Server is listening on port 3000
2025-05-14T10:42:19.285Z [ReshimgathiMarathaMatrimony] info: Server is listening on port 3000
2025-05-14T10:42:19.313Z [ReshimgathiMarathaMatrimony] info: MongoDB connected
2025-05-14T10:42:19.603Z [ReshimgathiMarathaMatrimony] info: Server is listening on port 3000
2025-05-14T10:42:19.609Z [ReshimgathiMarathaMatrimony] info: MongoDB connected
2025-05-14T10:42:19.874Z [ReshimgathiMarathaMatrimony] info: Server is listening on port 3000
2025-05-14T10:42:19.881Z [ReshimgathiMarathaMatrimony] info: MongoDB connected
2025-05-14T10:42:20.129Z [ReshimgathiMarathaMatrimony] info: Server is listening on port 3000
2025-05-14T10:42:20.138Z [ReshimgathiMarathaMatrimony] info: MongoDB connected
2025-05-14T10:42:20.350Z [ReshimgathiMarathaMatrimony] info: Server is listening on port 3000
2025-05-14T10:42:20.357Z [ReshimgathiMarathaMatrimony] info: MongoDB connected
2025-05-14T10:43:40.458Z [ReshimgathiMarathaMatrimony] info: Server is listening on port 3000
2025-05-14T10:43:40.465Z [ReshimgathiMarathaMatrimony] info: MongoDB connected
2025-05-14T10:43:52.104Z [ReshimgathiMarathaMatrimony] error: phoneNumber is not defined
2025-05-14T10:44:20.866Z [ReshimgathiMarathaMatrimony] info: Server is listening on port 3000
2025-05-14T10:44:20.872Z [ReshimgathiMarathaMatrimony] info: MongoDB connected
2025-05-14T10:44:47.218Z [ReshimgathiMarathaMatrimony] error: phoneNumber is not defined
2025-05-14T10:45:33.878Z [ReshimgathiMarathaMatrimony] info: Server is listening on port 3000
2025-05-14T10:45:33.885Z [ReshimgathiMarathaMatrimony] info: MongoDB connected
2025-05-14T10:46:14.603Z [ReshimgathiMarathaMatrimony] error: phoneNumber is not defined
2025-05-14T10:46:53.516Z [ReshimgathiMarathaMatrimony] info: Server is listening on port 3000
2025-05-14T10:46:53.523Z [ReshimgathiMarathaMatrimony] info: MongoDB connected
2025-05-14T10:47:29.439Z [ReshimgathiMarathaMatrimony] info: Server is listening on port 3000
2025-05-14T10:47:29.446Z [ReshimgathiMarathaMatrimony] info: MongoDB connected
2025-05-14T10:47:33.193Z [ReshimgathiMarathaMatrimony] error: phoneNumber is not defined
2025-05-14T10:48:17.228Z [ReshimgathiMarathaMatrimony] info: Server is listening on port 3000
2025-05-14T10:48:17.235Z [ReshimgathiMarathaMatrimony] info: MongoDB connected
2025-05-14T10:48:20.146Z [ReshimgathiMarathaMatrimony] error: phoneNumber is not defined
2025-05-14T10:48:49.505Z [ReshimgathiMarathaMatrimony] info: Server is listening on port 3000
2025-05-14T10:48:49.512Z [ReshimgathiMarathaMatrimony] info: MongoDB connected
2025-05-14T10:48:55.405Z [ReshimgathiMarathaMatrimony] info: Server is listening on port 3000
2025-05-14T10:48:55.414Z [ReshimgathiMarathaMatrimony] info: MongoDB connected
2025-05-14T10:49:01.287Z [ReshimgathiMarathaMatrimony] info: Server is listening on port 3000
2025-05-14T10:49:01.295Z [ReshimgathiMarathaMatrimony] info: MongoDB connected
2025-05-14T10:49:04.755Z [ReshimgathiMarathaMatrimony] error: phoneNumber is not defined
2025-05-14T10:49:17.447Z [ReshimgathiMarathaMatrimony] info: Server is listening on port 3000
2025-05-14T10:49:17.454Z [ReshimgathiMarathaMatrimony] info: MongoDB connected
2025-05-14T10:49:39.804Z [ReshimgathiMarathaMatrimony] info: Server is listening on port 3000
2025-05-14T10:49:39.811Z [ReshimgathiMarathaMatrimony] info: MongoDB connected
2025-05-14T10:49:49.175Z [ReshimgathiMarathaMatrimony] info: Server is listening on port 3000
2025-05-14T10:49:49.182Z [ReshimgathiMarathaMatrimony] info: MongoDB connected
2025-05-14T10:50:10.404Z [ReshimgathiMarathaMatrimony] info: Server is listening on port 3000
2025-05-14T10:50:10.411Z [ReshimgathiMarathaMatrimony] info: MongoDB connected
2025-05-14T10:50:13.028Z [ReshimgathiMarathaMatrimony] error: phoneNumber is not defined
2025-05-14T10:50:51.344Z [ReshimgathiMarathaMatrimony] info: Server is listening on port 3000
2025-05-14T10:50:51.351Z [ReshimgathiMarathaMatrimony] info: MongoDB connected
2025-05-14T10:51:00.789Z [ReshimgathiMarathaMatrimony] info: [object Object]
2025-05-14T10:51:00.790Z [ReshimgathiMarathaMatrimony] error: res.status is not a function
2025-05-14T10:52:33.125Z [ReshimgathiMarathaMatrimony] info: Server is listening on port 3000
2025-05-14T10:52:33.131Z [ReshimgathiMarathaMatrimony] info: MongoDB connected
2025-05-14T10:52:43.361Z [ReshimgathiMarathaMatrimony] info: Server is listening on port 3000
2025-05-14T10:52:43.368Z [ReshimgathiMarathaMatrimony] info: MongoDB connected
2025-05-14T10:52:44.722Z [ReshimgathiMarathaMatrimony] info: Server is listening on port 3000
2025-05-14T10:52:44.729Z [ReshimgathiMarathaMatrimony] info: MongoDB connected
2025-05-14T10:52:48.349Z [ReshimgathiMarathaMatrimony] info: [object Object]
2025-05-14T10:52:48.350Z [ReshimgathiMarathaMatrimony] error: Converting circular structure to JSON
    --> starting at object with constructor 'ClientRequest'
    |     property 'res' -> object with constructor 'IncomingMessage'
    --- property 'req' closes the circle
2025-05-14T10:53:11.480Z [ReshimgathiMarathaMatrimony] info: Server is listening on port 3000
2025-05-14T10:53:11.486Z [ReshimgathiMarathaMatrimony] info: MongoDB connected
2025-05-14T10:53:26.491Z [ReshimgathiMarathaMatrimony] info: Server is listening on port 3000
2025-05-14T10:53:26.500Z [ReshimgathiMarathaMatrimony] info: MongoDB connected
2025-05-14T10:54:09.026Z [ReshimgathiMarathaMatrimony] info: Server is listening on port 3000
2025-05-14T10:54:09.032Z [ReshimgathiMarathaMatrimony] info: MongoDB connected
2025-05-14T10:54:11.245Z [ReshimgathiMarathaMatrimony] info: [object Object]
2025-05-14T10:54:11.246Z [ReshimgathiMarathaMatrimony] error: Converting circular structure to JSON
    --> starting at object with constructor 'ClientRequest'
    |     property 'res' -> object with constructor 'IncomingMessage'
    --- property 'req' closes the circle
2025-05-14T10:54:33.287Z [ReshimgathiMarathaMatrimony] info: Server is listening on port 3000
2025-05-14T10:54:33.293Z [ReshimgathiMarathaMatrimony] info: MongoDB connected
2025-05-14T10:54:35.379Z [ReshimgathiMarathaMatrimony] info: [object Object]
2025-05-14T10:55:03.991Z [ReshimgathiMarathaMatrimony] info: Server is listening on port 3000
2025-05-14T10:55:03.998Z [ReshimgathiMarathaMatrimony] info: MongoDB connected
2025-05-14T10:55:18.140Z [ReshimgathiMarathaMatrimony] info: Server is listening on port 3000
2025-05-14T10:55:18.147Z [ReshimgathiMarathaMatrimony] info: MongoDB connected
2025-05-14T10:55:19.330Z [ReshimgathiMarathaMatrimony] info: Server is listening on port 3000
2025-05-14T10:55:19.337Z [ReshimgathiMarathaMatrimony] info: MongoDB connected
2025-05-14T10:55:25.351Z [ReshimgathiMarathaMatrimony] info: Server is listening on port 3000
2025-05-14T10:55:25.358Z [ReshimgathiMarathaMatrimony] info: MongoDB connected
2025-05-14T10:55:26.512Z [ReshimgathiMarathaMatrimony] info: Server is listening on port 3000
2025-05-14T10:55:26.518Z [ReshimgathiMarathaMatrimony] info: MongoDB connected
2025-05-14T10:57:30.504Z [ReshimgathiMarathaMatrimony] info: Server is listening on port 3000
2025-05-14T10:57:30.515Z [ReshimgathiMarathaMatrimony] info: MongoDB connected
2025-05-14T10:57:37.259Z [ReshimgathiMarathaMatrimony] info: Server is listening on port 3000
2025-05-14T10:57:37.265Z [ReshimgathiMarathaMatrimony] info: MongoDB connected
2025-05-14T10:59:27.368Z [ReshimgathiMarathaMatrimony] info: Server is listening on port 3000
2025-05-14T10:59:27.375Z [ReshimgathiMarathaMatrimony] info: MongoDB connected
2025-05-14T11:00:55.170Z [ReshimgathiMarathaMatrimony] info: Server is listening on port 3000
2025-05-14T11:00:55.177Z [ReshimgathiMarathaMatrimony] info: MongoDB connected
2025-05-14T11:01:04.144Z [ReshimgathiMarathaMatrimony] info: Server is listening on port 3000
2025-05-14T11:01:04.151Z [ReshimgathiMarathaMatrimony] info: MongoDB connected
2025-05-14T11:01:18.632Z [ReshimgathiMarathaMatrimony] info: Server is listening on port 3000
2025-05-14T11:01:18.640Z [ReshimgathiMarathaMatrimony] info: MongoDB connected
2025-05-14T11:03:42.185Z [ReshimgathiMarathaMatrimony] info: Server is listening on port 3000
2025-05-14T11:03:42.192Z [ReshimgathiMarathaMatrimony] info: MongoDB connected
2025-05-14T11:03:49.368Z [ReshimgathiMarathaMatrimony] info: Server is listening on port 3000
2025-05-14T11:03:49.375Z [ReshimgathiMarathaMatrimony] info: MongoDB connected
2025-05-14T11:03:53.328Z [ReshimgathiMarathaMatrimony] info: Server is listening on port 3000
2025-05-14T11:03:53.335Z [ReshimgathiMarathaMatrimony] info: MongoDB connected
2025-05-14T11:03:56.136Z [ReshimgathiMarathaMatrimony] info: Server is listening on port 3000
2025-05-14T11:03:56.143Z [ReshimgathiMarathaMatrimony] info: MongoDB connected
2025-05-14T11:04:44.212Z [ReshimgathiMarathaMatrimony] info: Server is listening on port 3000
2025-05-14T11:04:44.219Z [ReshimgathiMarathaMatrimony] info: MongoDB connected
2025-05-14T11:05:12.669Z [ReshimgathiMarathaMatrimony] info: Server is listening on port 3000
2025-05-14T11:05:12.676Z [ReshimgathiMarathaMatrimony] info: MongoDB connected
2025-05-14T11:05:37.863Z [ReshimgathiMarathaMatrimony] info: Server is listening on port 3000
2025-05-14T11:05:37.870Z [ReshimgathiMarathaMatrimony] info: MongoDB connected
2025-05-14T11:05:46.575Z [ReshimgathiMarathaMatrimony] info: Server is listening on port 3000
2025-05-14T11:05:46.582Z [ReshimgathiMarathaMatrimony] info: MongoDB connected
2025-05-14T11:05:52.673Z [ReshimgathiMarathaMatrimony] info: Server is listening on port 3000
2025-05-14T11:05:52.680Z [ReshimgathiMarathaMatrimony] info: MongoDB connected
2025-05-14T11:06:05.215Z [ReshimgathiMarathaMatrimony] info: Server is listening on port 3000
2025-05-14T11:06:05.222Z [ReshimgathiMarathaMatrimony] info: MongoDB connected
2025-05-14T11:06:20.636Z [ReshimgathiMarathaMatrimony] info: Server is listening on port 3000
2025-05-14T11:06:20.643Z [ReshimgathiMarathaMatrimony] info: MongoDB connected
2025-05-14T11:06:43.827Z [ReshimgathiMarathaMatrimony] info: Server is listening on port 3000
2025-05-14T11:06:43.836Z [ReshimgathiMarathaMatrimony] info: MongoDB connected
2025-05-14T11:07:46.248Z [ReshimgathiMarathaMatrimony] info: Server is listening on port 3000
2025-05-14T11:07:46.255Z [ReshimgathiMarathaMatrimony] info: MongoDB connected
2025-05-14T11:07:47.347Z [ReshimgathiMarathaMatrimony] info: Server is listening on port 3000
2025-05-14T11:07:47.353Z [ReshimgathiMarathaMatrimony] info: MongoDB connected
2025-05-14T11:10:04.521Z [ReshimgathiMarathaMatrimony] info: Server is listening on port 3000
2025-05-14T11:10:04.528Z [ReshimgathiMarathaMatrimony] info: MongoDB connected
2025-05-14T11:10:05.812Z [ReshimgathiMarathaMatrimony] info: Server is listening on port 3000
2025-05-14T11:10:05.818Z [ReshimgathiMarathaMatrimony] info: MongoDB connected
2025-05-14T11:11:07.765Z [ReshimgathiMarathaMatrimony] info: Server is listening on port 3000
2025-05-14T11:11:07.774Z [ReshimgathiMarathaMatrimony] info: MongoDB connected
2025-05-14T11:11:23.990Z [ReshimgathiMarathaMatrimony] info: Server is listening on port 3000
2025-05-14T11:11:23.997Z [ReshimgathiMarathaMatrimony] info: MongoDB connected
2025-05-14T11:11:26.842Z [ReshimgathiMarathaMatrimony] info: Server is listening on port 3000
2025-05-14T11:11:26.848Z [ReshimgathiMarathaMatrimony] info: MongoDB connected
2025-05-14T11:11:28.443Z [ReshimgathiMarathaMatrimony] info: Server is listening on port 3000
2025-05-14T11:11:28.450Z [ReshimgathiMarathaMatrimony] info: MongoDB connected
2025-05-14T11:14:30.813Z [ReshimgathiMarathaMatrimony] info: Server is listening on port 3000
2025-05-14T11:14:30.823Z [ReshimgathiMarathaMatrimony] info: MongoDB connected
2025-05-14T11:15:55.336Z [ReshimgathiMarathaMatrimony] info: Server is listening on port 3000
2025-05-14T11:15:55.344Z [ReshimgathiMarathaMatrimony] info: MongoDB connected
2025-05-14T11:17:09.067Z [ReshimgathiMarathaMatrimony] info: Server is listening on port 3000
2025-05-14T11:17:09.074Z [ReshimgathiMarathaMatrimony] info: MongoDB connected
2025-05-14T11:17:15.844Z [ReshimgathiMarathaMatrimony] info: Server is listening on port 3000
2025-05-14T11:17:15.852Z [ReshimgathiMarathaMatrimony] info: MongoDB connected
2025-05-14T11:17:21.297Z [ReshimgathiMarathaMatrimony] info: Server is listening on port 3000
2025-05-14T11:17:21.304Z [ReshimgathiMarathaMatrimony] info: MongoDB connected
2025-05-14T11:17:22.730Z [ReshimgathiMarathaMatrimony] info: Server is listening on port 3000
2025-05-14T11:17:22.739Z [ReshimgathiMarathaMatrimony] info: MongoDB connected
2025-05-14T11:19:01.272Z [ReshimgathiMarathaMatrimony] info: Server is listening on port 3000
2025-05-14T11:19:01.285Z [ReshimgathiMarathaMatrimony] info: MongoDB connected
2025-05-14T11:19:04.253Z [ReshimgathiMarathaMatrimony] info: Server is listening on port 3000
2025-05-14T11:19:04.260Z [ReshimgathiMarathaMatrimony] info: MongoDB connected
2025-05-14T11:19:05.773Z [ReshimgathiMarathaMatrimony] error: getaddrinfo ENOTFOUND 2factor.in
2025-05-14T11:19:14.284Z [ReshimgathiMarathaMatrimony] error: getaddrinfo ENOTFOUND 2factor.in
2025-05-14T11:19:25.402Z [ReshimgathiMarathaMatrimony] error: getaddrinfo ENOTFOUND 2factor.in
2025-05-14T11:19:37.910Z [ReshimgathiMarathaMatrimony] info: Server is listening on port 3000
2025-05-14T11:19:37.917Z [ReshimgathiMarathaMatrimony] info: MongoDB connected
2025-05-14T11:19:39.284Z [ReshimgathiMarathaMatrimony] info: Server is listening on port 3000
2025-05-14T11:19:39.291Z [ReshimgathiMarathaMatrimony] info: MongoDB connected
2025-05-14T11:19:40.630Z [ReshimgathiMarathaMatrimony] error: getaddrinfo ENOTFOUND 2factor.in
2025-05-14T11:19:52.521Z [ReshimgathiMarathaMatrimony] info: Server is listening on port 3000
2025-05-14T11:19:52.527Z [ReshimgathiMarathaMatrimony] info: MongoDB connected
2025-05-14T11:19:54.034Z [ReshimgathiMarathaMatrimony] info: Server is listening on port 3000
2025-05-14T11:19:54.040Z [ReshimgathiMarathaMatrimony] info: MongoDB connected
2025-05-14T11:19:55.825Z [ReshimgathiMarathaMatrimony] error: getaddrinfo ENOTFOUND 2factor.in
2025-05-14T11:19:59.061Z [ReshimgathiMarathaMatrimony] info: Server is listening on port 3000
2025-05-14T11:19:59.068Z [ReshimgathiMarathaMatrimony] info: MongoDB connected
2025-05-14T11:20:00.465Z [ReshimgathiMarathaMatrimony] error: getaddrinfo ENOTFOUND 2factor.in
2025-05-14T11:20:06.727Z [ReshimgathiMarathaMatrimony] info: Server is listening on port 3000
2025-05-14T11:20:06.734Z [ReshimgathiMarathaMatrimony] info: MongoDB connected
2025-05-14T11:20:08.657Z [ReshimgathiMarathaMatrimony] info: Server is listening on port 3000
2025-05-14T11:20:08.664Z [ReshimgathiMarathaMatrimony] info: MongoDB connected
2025-05-14T11:20:11.747Z [ReshimgathiMarathaMatrimony] error: getaddrinfo ENOTFOUND 2factor.in
2025-05-14T11:20:17.850Z [ReshimgathiMarathaMatrimony] error: getaddrinfo ENOTFOUND 2factor.in
2025-05-14T11:21:56.216Z [ReshimgathiMarathaMatrimony] info: Server is listening on port 3000
2025-05-14T11:21:56.223Z [ReshimgathiMarathaMatrimony] info: MongoDB connected
2025-05-14T11:21:57.197Z [ReshimgathiMarathaMatrimony] info: Server is listening on port 3000
2025-05-14T11:21:57.204Z [ReshimgathiMarathaMatrimony] info: MongoDB connected
2025-05-14T11:22:03.481Z [ReshimgathiMarathaMatrimony] info: Server is listening on port 3000
2025-05-14T11:22:03.494Z [ReshimgathiMarathaMatrimony] info: MongoDB connected
2025-05-14T11:22:08.504Z [ReshimgathiMarathaMatrimony] info: Server is listening on port 3000
2025-05-14T11:22:08.511Z [ReshimgathiMarathaMatrimony] info: MongoDB connected
2025-05-14T11:22:32.473Z [ReshimgathiMarathaMatrimony] info: Server is listening on port 3000
2025-05-14T11:22:32.480Z [ReshimgathiMarathaMatrimony] info: MongoDB connected
2025-05-14T11:22:38.530Z [ReshimgathiMarathaMatrimony] info: Server is listening on port 3000
2025-05-14T11:22:38.539Z [ReshimgathiMarathaMatrimony] info: MongoDB connected
2025-05-14T11:22:39.258Z [ReshimgathiMarathaMatrimony] info: Server is listening on port 3000
2025-05-14T11:22:39.264Z [ReshimgathiMarathaMatrimony] info: MongoDB connected
2025-05-14T11:22:42.623Z [ReshimgathiMarathaMatrimony] info: Server is listening on port 3000
2025-05-14T11:22:42.630Z [ReshimgathiMarathaMatrimony] info: MongoDB connected
2025-05-14T11:22:44.450Z [ReshimgathiMarathaMatrimony] error: UNABLE TO CONTACT OTP SERVICE Error: getaddrinfo ENOTFOUND 2factor.in
2025-05-14T11:23:01.110Z [ReshimgathiMarathaMatrimony] info: Server is listening on port 3000
2025-05-14T11:23:01.117Z [ReshimgathiMarathaMatrimony] info: MongoDB connected
2025-05-14T11:23:03.678Z [ReshimgathiMarathaMatrimony] info: Server is listening on port 3000
2025-05-14T11:23:03.687Z [ReshimgathiMarathaMatrimony] info: MongoDB connected
2025-05-14T11:23:06.007Z [ReshimgathiMarathaMatrimony] info: Server is listening on port 3000
2025-05-14T11:23:06.014Z [ReshimgathiMarathaMatrimony] info: MongoDB connected
2025-05-14T11:25:36.427Z [ReshimgathiMarathaMatrimony] info: Server is listening on port 3000
2025-05-14T11:25:36.434Z [ReshimgathiMarathaMatrimony] info: MongoDB connected
2025-05-14T11:26:54.207Z [ReshimgathiMarathaMatrimony] info: Server is listening on port 3000
2025-05-14T11:26:54.218Z [ReshimgathiMarathaMatrimony] info: MongoDB connected
2025-05-14T11:27:14.543Z [ReshimgathiMarathaMatrimony] info: Server is listening on port 3000
2025-05-14T11:27:14.550Z [ReshimgathiMarathaMatrimony] info: MongoDB connected
2025-05-14T11:30:27.728Z [ReshimgathiMarathaMatrimony] info: Server is listening on port 3000
2025-05-14T11:30:27.735Z [ReshimgathiMarathaMatrimony] info: MongoDB connected
2025-05-14T11:31:15.542Z [ReshimgathiMarathaMatrimony] info: Server is listening on port 3000
2025-05-14T11:31:15.549Z [ReshimgathiMarathaMatrimony] info: MongoDB connected
2025-05-14T11:31:58.002Z [ReshimgathiMarathaMatrimony] info: Server is listening on port 3000
2025-05-14T11:31:58.009Z [ReshimgathiMarathaMatrimony] info: MongoDB connected
2025-05-14T11:32:56.069Z [ReshimgathiMarathaMatrimony] info: Server is listening on port 3000
2025-05-14T11:32:56.079Z [ReshimgathiMarathaMatrimony] info: MongoDB connected
2025-05-14T11:33:20.682Z [ReshimgathiMarathaMatrimony] info: Server is listening on port 3000
2025-05-14T11:33:20.689Z [ReshimgathiMarathaMatrimony] info: MongoDB connected
2025-05-14T11:33:44.059Z [ReshimgathiMarathaMatrimony] info: Server is listening on port 3000
2025-05-14T11:33:44.067Z [ReshimgathiMarathaMatrimony] info: MongoDB connected
2025-05-14T11:33:52.232Z [ReshimgathiMarathaMatrimony] info: Server is listening on port 3000
2025-05-14T11:33:52.239Z [ReshimgathiMarathaMatrimony] info: MongoDB connected
2025-05-14T11:34:10.827Z [ReshimgathiMarathaMatrimony] info: Server is listening on port 3000
2025-05-14T11:34:10.835Z [ReshimgathiMarathaMatrimony] info: MongoDB connected
2025-05-14T11:34:28.425Z [ReshimgathiMarathaMatrimony] info: Server is listening on port 3000
2025-05-14T11:34:28.432Z [ReshimgathiMarathaMatrimony] info: MongoDB connected
2025-05-14T11:35:08.645Z [ReshimgathiMarathaMatrimony] info: Server is listening on port 3000
2025-05-14T11:35:08.653Z [ReshimgathiMarathaMatrimony] info: MongoDB connected
2025-05-14T11:36:26.049Z [ReshimgathiMarathaMatrimony] info: Server is listening on port 3000
2025-05-14T11:36:26.056Z [ReshimgathiMarathaMatrimony] info: MongoDB connected
2025-05-14T11:37:28.342Z [ReshimgathiMarathaMatrimony] info: Server is listening on port 3000
2025-05-14T11:37:28.348Z [ReshimgathiMarathaMatrimony] info: MongoDB connected
2025-05-14T11:38:36.868Z [ReshimgathiMarathaMatrimony] info: Server is listening on port 3000
2025-05-14T11:38:36.875Z [ReshimgathiMarathaMatrimony] info: MongoDB connected
2025-05-14T11:38:59.206Z [ReshimgathiMarathaMatrimony] info: Server is listening on port 3000
2025-05-14T11:38:59.213Z [ReshimgathiMarathaMatrimony] info: MongoDB connected
2025-05-14T11:39:12.056Z [ReshimgathiMarathaMatrimony] info: Server is listening on port 3000
2025-05-14T11:39:12.063Z [ReshimgathiMarathaMatrimony] info: MongoDB connected
2025-05-14T11:40:17.154Z [ReshimgathiMarathaMatrimony] info: Server is listening on port 3000
2025-05-14T11:40:17.161Z [ReshimgathiMarathaMatrimony] info: MongoDB connected
2025-05-14T11:41:08.585Z [ReshimgathiMarathaMatrimony] info: Server is listening on port 3000
2025-05-14T11:41:08.726Z [ReshimgathiMarathaMatrimony] info: MongoDB connected
2025-05-14T11:42:22.617Z [ReshimgathiMarathaMatrimony] info: Server is listening on port 3000
2025-05-14T11:42:22.626Z [ReshimgathiMarathaMatrimony] info: MongoDB connected
2025-05-14T11:42:29.395Z [ReshimgathiMarathaMatrimony] info: Server is listening on port 3000
2025-05-14T11:42:29.403Z [ReshimgathiMarathaMatrimony] info: MongoDB connected
2025-05-14T11:43:05.121Z [ReshimgathiMarathaMatrimony] info: Server is listening on port 3000
2025-05-14T11:43:05.128Z [ReshimgathiMarathaMatrimony] info: MongoDB connected
2025-05-14T11:43:08.998Z [ReshimgathiMarathaMatrimony] info: Server is listening on port 3000
2025-05-14T11:43:09.005Z [ReshimgathiMarathaMatrimony] info: MongoDB connected
2025-05-14T11:43:21.753Z [ReshimgathiMarathaMatrimony] info: Server is listening on port 3000
2025-05-14T11:43:21.760Z [ReshimgathiMarathaMatrimony] info: MongoDB connected
2025-05-14T11:43:26.981Z [ReshimgathiMarathaMatrimony] info: Server is listening on port 3000
2025-05-14T11:43:26.988Z [ReshimgathiMarathaMatrimony] info: MongoDB connected
2025-05-14T11:43:27.560Z [ReshimgathiMarathaMatrimony] info: Server is listening on port 3000
2025-05-14T11:43:27.567Z [ReshimgathiMarathaMatrimony] info: MongoDB connected
2025-05-14T11:43:27.850Z [ReshimgathiMarathaMatrimony] info: Server is listening on port 3000
2025-05-14T11:43:27.856Z [ReshimgathiMarathaMatrimony] info: MongoDB connected
2025-05-14T11:43:47.520Z [ReshimgathiMarathaMatrimony] info: Server is listening on port 3000
2025-05-14T11:43:47.527Z [ReshimgathiMarathaMatrimony] info: MongoDB connected
2025-05-14T11:43:59.625Z [ReshimgathiMarathaMatrimony] info: Server is listening on port 3000
2025-05-14T11:43:59.631Z [ReshimgathiMarathaMatrimony] info: MongoDB connected
2025-05-14T11:44:06.542Z [ReshimgathiMarathaMatrimony] info: Server is listening on port 3000
2025-05-14T11:44:06.550Z [ReshimgathiMarathaMatrimony] info: MongoDB connected
2025-05-14T11:46:15.769Z [ReshimgathiMarathaMatrimony] info: Server is listening on port 3000
2025-05-14T11:46:15.780Z [ReshimgathiMarathaMatrimony] info: MongoDB connected
2025-05-14T11:47:42.213Z [ReshimgathiMarathaMatrimony] info: Server is listening on port 3000
2025-05-14T11:47:42.221Z [ReshimgathiMarathaMatrimony] info: MongoDB connected
2025-05-14T11:47:47.007Z [ReshimgathiMarathaMatrimony] info: Server is listening on port 3000
2025-05-14T11:47:47.014Z [ReshimgathiMarathaMatrimony] info: MongoDB connected
2025-05-14T11:48:16.425Z [ReshimgathiMarathaMatrimony] info: Server is listening on port 3000
2025-05-14T11:48:16.432Z [ReshimgathiMarathaMatrimony] info: MongoDB connected
2025-05-14T11:48:17.008Z [ReshimgathiMarathaMatrimony] info: Server is listening on port 3000
2025-05-14T11:48:17.016Z [ReshimgathiMarathaMatrimony] info: MongoDB connected
2025-05-14T11:48:30.249Z [ReshimgathiMarathaMatrimony] info: Server is listening on port 3000
2025-05-14T11:48:30.258Z [ReshimgathiMarathaMatrimony] info: MongoDB connected
2025-05-14T11:48:31.087Z [ReshimgathiMarathaMatrimony] info: Server is listening on port 3000
2025-05-14T11:48:31.094Z [ReshimgathiMarathaMatrimony] info: MongoDB connected
2025-05-14T11:48:31.969Z [ReshimgathiMarathaMatrimony] info: Server is listening on port 3000
2025-05-14T11:48:31.976Z [ReshimgathiMarathaMatrimony] info: MongoDB connected
2025-05-14T11:48:32.304Z [ReshimgathiMarathaMatrimony] info: Server is listening on port 3000
2025-05-14T11:48:32.310Z [ReshimgathiMarathaMatrimony] info: MongoDB connected
2025-05-14T11:49:07.932Z [ReshimgathiMarathaMatrimony] info: Server is listening on port 3000
2025-05-14T11:49:07.939Z [ReshimgathiMarathaMatrimony] info: MongoDB connected
2025-05-14T11:49:10.152Z [ReshimgathiMarathaMatrimony] info: Server is listening on port 3000
2025-05-14T11:49:10.158Z [ReshimgathiMarathaMatrimony] info: MongoDB connected
2025-05-14T11:49:22.763Z [ReshimgathiMarathaMatrimony] info: PATCH /api/v1/accept-terms - - - - ms
2025-05-14T11:50:01.036Z [ReshimgathiMarathaMatrimony] info: PATCH /api/v1/accept-terms - - - - ms
2025-05-14T11:50:07.520Z [ReshimgathiMarathaMatrimony] info: Server is listening on port 3000
2025-05-14T11:50:07.526Z [ReshimgathiMarathaMatrimony] info: MongoDB connected
2025-05-14T11:50:08.799Z [ReshimgathiMarathaMatrimony] error: Cannot read properties of undefined (reading 'id')
2025-05-14T11:50:08.802Z [ReshimgathiMarathaMatrimony] info: PATCH /api/v1/accept-terms 500 48 - 1.768 ms
2025-05-14T11:50:49.521Z [ReshimgathiMarathaMatrimony] info: Server is listening on port 3000
2025-05-14T11:50:49.528Z [ReshimgathiMarathaMatrimony] info: MongoDB connected
2025-05-14T11:50:50.785Z [ReshimgathiMarathaMatrimony] info: Server is listening on port 3000
2025-05-14T11:50:50.791Z [ReshimgathiMarathaMatrimony] info: MongoDB connected
2025-05-14T11:51:00.007Z [ReshimgathiMarathaMatrimony] info: Server is listening on port 3000
2025-05-14T11:51:00.014Z [ReshimgathiMarathaMatrimony] info: MongoDB connected
2025-05-14T11:51:02.616Z [ReshimgathiMarathaMatrimony] info: PATCH /api/v1/accept-terms 200 56 - 21.664 ms
2025-05-14T11:51:34.814Z [ReshimgathiMarathaMatrimony] info: Server is listening on port 3000
2025-05-14T11:51:34.823Z [ReshimgathiMarathaMatrimony] info: MongoDB connected
2025-05-14T11:51:35.252Z [ReshimgathiMarathaMatrimony] info: Server is listening on port 3000
2025-05-14T11:51:35.258Z [ReshimgathiMarathaMatrimony] info: MongoDB connected
2025-05-14T11:51:36.795Z [ReshimgathiMarathaMatrimony] info: Server is listening on port 3000
2025-05-14T11:51:36.808Z [ReshimgathiMarathaMatrimony] info: MongoDB connected
2025-05-14T11:51:38.300Z [ReshimgathiMarathaMatrimony] info: PATCH /api/v1/accept-terms 200 341 - 14.212 ms
2025-05-14T11:51:51.294Z [ReshimgathiMarathaMatrimony] info: Server is listening on port 3000
2025-05-14T11:51:51.301Z [ReshimgathiMarathaMatrimony] info: MongoDB connected
2025-05-14T11:57:43.387Z [ReshimgathiMarathaMatrimony] info: Server is listening on port 3000
2025-05-14T11:57:43.394Z [ReshimgathiMarathaMatrimony] info: MongoDB connected
2025-05-14T12:00:55.407Z [ReshimgathiMarathaMatrimony] info: Server is listening on port 3000
2025-05-14T12:00:55.417Z [ReshimgathiMarathaMatrimony] info: MongoDB connected
2025-05-14T12:03:03.896Z [ReshimgathiMarathaMatrimony] info: Server is listening on port 3000
2025-05-14T12:03:03.902Z [ReshimgathiMarathaMatrimony] info: MongoDB connected
2025-05-14T12:04:58.608Z [ReshimgathiMarathaMatrimony] info: Server is listening on port 3000
2025-05-14T12:04:58.615Z [ReshimgathiMarathaMatrimony] info: MongoDB connected
2025-05-14T12:08:14.335Z [ReshimgathiMarathaMatrimony] info: Server is listening on port 3000
2025-05-14T12:08:14.341Z [ReshimgathiMarathaMatrimony] info: MongoDB connected
2025-05-14T12:09:02.918Z [ReshimgathiMarathaMatrimony] info: Server is listening on port 3000
2025-05-14T12:09:02.925Z [ReshimgathiMarathaMatrimony] info: MongoDB connected
2025-05-14T12:09:06.722Z [ReshimgathiMarathaMatrimony] info: Server is listening on port 3000
2025-05-14T12:09:06.729Z [ReshimgathiMarathaMatrimony] info: MongoDB connected
2025-05-14T12:09:20.710Z [ReshimgathiMarathaMatrimony] info: Server is listening on port 3000
2025-05-14T12:09:20.717Z [ReshimgathiMarathaMatrimony] info: MongoDB connected
2025-05-14T12:09:50.586Z [ReshimgathiMarathaMatrimony] info: Server is listening on port 3000
2025-05-14T12:09:50.593Z [ReshimgathiMarathaMatrimony] info: MongoDB connected
2025-05-14T12:09:56.097Z [ReshimgathiMarathaMatrimony] info: Server is listening on port 3000
2025-05-14T12:09:56.104Z [ReshimgathiMarathaMatrimony] info: MongoDB connected
2025-05-14T12:09:59.606Z [ReshimgathiMarathaMatrimony] info: Server is listening on port 3000
2025-05-14T12:09:59.613Z [ReshimgathiMarathaMatrimony] info: MongoDB connected
2025-05-14T12:18:12.120Z [ReshimgathiMarathaMatrimony] info: Server is listening on port 3000
2025-05-14T12:18:12.133Z [ReshimgathiMarathaMatrimony] info: MongoDB connected
2025-05-14T12:20:14.399Z [ReshimgathiMarathaMatrimony] error: jwt expired
2025-05-14T12:20:14.401Z [ReshimgathiMarathaMatrimony] info: POST /api/v1/personal-info 500 1413 - 5.363 ms
2025-05-14T12:21:10.433Z [ReshimgathiMarathaMatrimony] info: Server is listening on port 3000
2025-05-14T12:21:10.439Z [ReshimgathiMarathaMatrimony] info: MongoDB connected
2025-05-14T12:21:23.475Z [ReshimgathiMarathaMatrimony] info: Server is listening on port 3000
2025-05-14T12:21:23.482Z [ReshimgathiMarathaMatrimony] info: MongoDB connected
2025-05-14T12:21:24.155Z [ReshimgathiMarathaMatrimony] info: Server is listening on port 3000
2025-05-14T12:21:24.162Z [ReshimgathiMarathaMatrimony] info: MongoDB connected
2025-05-14T12:21:26.003Z [ReshimgathiMarathaMatrimony] info: Server is listening on port 3000
2025-05-14T12:21:26.019Z [ReshimgathiMarathaMatrimony] info: MongoDB connected
2025-05-14T12:21:26.730Z [ReshimgathiMarathaMatrimony] info: Server is listening on port 3000
2025-05-14T12:21:26.738Z [ReshimgathiMarathaMatrimony] info: MongoDB connected
2025-05-14T12:21:28.607Z [ReshimgathiMarathaMatrimony] info: Server is listening on port 3000
2025-05-14T12:21:28.616Z [ReshimgathiMarathaMatrimony] info: MongoDB connected
2025-05-14T12:21:30.138Z [ReshimgathiMarathaMatrimony] error: jwt expired
2025-05-14T12:21:30.140Z [ReshimgathiMarathaMatrimony] info: POST /api/v1/personal-info 500 1413 - 4.017 ms
2025-05-14T12:21:49.215Z [ReshimgathiMarathaMatrimony] info: Server is listening on port 3000
2025-05-14T12:21:49.222Z [ReshimgathiMarathaMatrimony] info: MongoDB connected
2025-05-14T12:21:58.654Z [ReshimgathiMarathaMatrimony] info: Server is listening on port 3000
2025-05-14T12:21:58.661Z [ReshimgathiMarathaMatrimony] info: MongoDB connected
2025-05-14T12:22:00.429Z [ReshimgathiMarathaMatrimony] error: jwt expired
2025-05-14T12:22:00.435Z [ReshimgathiMarathaMatrimony] info: POST /api/v1/personal-info 500 48 - 4.231 ms
2025-05-14T12:22:06.581Z [ReshimgathiMarathaMatrimony] info: Server is listening on port 3000
2025-05-14T12:22:06.588Z [ReshimgathiMarathaMatrimony] info: MongoDB connected
2025-05-14T12:22:07.936Z [ReshimgathiMarathaMatrimony] error: jwt expired
2025-05-14T12:22:07.939Z [ReshimgathiMarathaMatrimony] info: POST /api/v1/personal-info 500 48 - 3.735 ms
2025-05-14T12:22:16.705Z [ReshimgathiMarathaMatrimony] info: Server is listening on port 3000
2025-05-14T12:22:16.716Z [ReshimgathiMarathaMatrimony] info: MongoDB connected
2025-05-14T12:22:19.051Z [ReshimgathiMarathaMatrimony] info: Server is listening on port 3000
2025-05-14T12:22:19.061Z [ReshimgathiMarathaMatrimony] info: MongoDB connected
2025-05-14T12:22:20.907Z [ReshimgathiMarathaMatrimony] error: jwt expired
2025-05-14T12:22:20.910Z [ReshimgathiMarathaMatrimony] info: POST /api/v1/personal-info 500 48 - 3.957 ms
2025-05-14T12:22:42.648Z [ReshimgathiMarathaMatrimony] info: Server is listening on port 3000
2025-05-14T12:22:42.655Z [ReshimgathiMarathaMatrimony] info: MongoDB connected
2025-05-14T12:22:44.257Z [ReshimgathiMarathaMatrimony] error: jwt expired
2025-05-14T12:22:44.259Z [ReshimgathiMarathaMatrimony] info: POST /api/v1/personal-info 401 47 - 5.546 ms
2025-05-14T12:22:47.153Z [ReshimgathiMarathaMatrimony] info: Server is listening on port 3000
2025-05-14T12:22:47.159Z [ReshimgathiMarathaMatrimony] info: MongoDB connected
2025-05-14T12:22:52.735Z [ReshimgathiMarathaMatrimony] info: Server is listening on port 3000
2025-05-14T12:22:52.742Z [ReshimgathiMarathaMatrimony] info: MongoDB connected
2025-05-14T12:23:00.110Z [ReshimgathiMarathaMatrimony] info: Server is listening on port 3000
2025-05-14T12:23:00.118Z [ReshimgathiMarathaMatrimony] info: MongoDB connected
2025-05-14T12:23:01.084Z [ReshimgathiMarathaMatrimony] info: Server is listening on port 3000
2025-05-14T12:23:01.092Z [ReshimgathiMarathaMatrimony] info: MongoDB connected
2025-05-14T12:23:02.233Z [ReshimgathiMarathaMatrimony] info: Server is listening on port 3000
2025-05-14T12:23:02.240Z [ReshimgathiMarathaMatrimony] info: MongoDB connected
2025-05-14T12:23:05.484Z [ReshimgathiMarathaMatrimony] error: jwt expired
2025-05-14T12:23:05.486Z [ReshimgathiMarathaMatrimony] info: POST /api/v1/personal-info 401 47 - 4.332 ms
2025-05-14T12:23:12.323Z [ReshimgathiMarathaMatrimony] error: invalid signature
2025-05-14T12:23:12.324Z [ReshimgathiMarathaMatrimony] info: POST /api/v1/personal-info 500 48 - 3.078 ms
2025-05-14T12:23:25.871Z [ReshimgathiMarathaMatrimony] info: Server is listening on port 3000
2025-05-14T12:23:25.878Z [ReshimgathiMarathaMatrimony] info: MongoDB connected
2025-05-14T12:23:27.239Z [ReshimgathiMarathaMatrimony] error: invalid signature
2025-05-14T12:23:27.241Z [ReshimgathiMarathaMatrimony] info: POST /api/v1/personal-info 500 48 - 3.408 ms
2025-05-14T12:23:41.412Z [ReshimgathiMarathaMatrimony] info: Server is listening on port 3000
2025-05-14T12:23:41.419Z [ReshimgathiMarathaMatrimony] info: MongoDB connected
2025-05-14T12:23:43.813Z [ReshimgathiMarathaMatrimony] info: Server is listening on port 3000
2025-05-14T12:23:43.821Z [ReshimgathiMarathaMatrimony] info: MongoDB connected
2025-05-14T12:23:55.671Z [ReshimgathiMarathaMatrimony] info: Server is listening on port 3000
2025-05-14T12:23:55.678Z [ReshimgathiMarathaMatrimony] info: MongoDB connected
2025-05-14T12:23:58.425Z [ReshimgathiMarathaMatrimony] error: invalid signature
2025-05-14T12:23:58.427Z [ReshimgathiMarathaMatrimony] info: POST /api/v1/personal-info 401 40 - 4.366 ms
2025-05-14T12:24:08.691Z [ReshimgathiMarathaMatrimony] info: Server is listening on port 3000
2025-05-14T12:24:08.698Z [ReshimgathiMarathaMatrimony] info: MongoDB connected
2025-05-14T12:24:12.482Z [ReshimgathiMarathaMatrimony] info: Server is listening on port 3000
2025-05-14T12:24:12.493Z [ReshimgathiMarathaMatrimony] info: MongoDB connected
2025-05-14T12:24:14.077Z [ReshimgathiMarathaMatrimony] error: invalid signature
2025-05-14T12:24:14.080Z [ReshimgathiMarathaMatrimony] info: POST /api/v1/personal-info 401 40 - 4.676 ms
2025-05-14T12:24:18.598Z [ReshimgathiMarathaMatrimony] info: POST /api/v1/validate-otp 200 777 - 244.757 ms
2025-05-14T12:24:29.930Z [ReshimgathiMarathaMatrimony] info: POST /api/v1/personal-info 400 70 - 2.193 ms
2025-05-14T12:25:14.320Z [ReshimgathiMarathaMatrimony] info: POST /api/v1/personal-info 400 70 - 1.983 ms
2025-05-14T12:25:39.358Z [ReshimgathiMarathaMatrimony] info: POST /api/v1/personal-info 400 70 - 1.155 ms
2025-05-14T12:26:03.855Z [ReshimgathiMarathaMatrimony] info: Server is listening on port 3000
2025-05-14T12:26:03.862Z [ReshimgathiMarathaMatrimony] info: MongoDB connected
2025-05-14T12:26:06.034Z [ReshimgathiMarathaMatrimony] info: POST /api/v1/personal-info 400 71 - 3.137 ms
2025-05-14T12:26:24.282Z [ReshimgathiMarathaMatrimony] info: POST /api/v1/personal-info 400 71 - 1.703 ms
2025-05-14T12:26:38.310Z [ReshimgathiMarathaMatrimony] info: Server is listening on port 3000
2025-05-14T12:26:38.320Z [ReshimgathiMarathaMatrimony] info: MongoDB connected
2025-05-14T12:26:40.278Z [ReshimgathiMarathaMatrimony] info: [object Object]
2025-05-14T12:26:40.281Z [ReshimgathiMarathaMatrimony] info: POST /api/v1/personal-info 400 71 - 3.472 ms
2025-05-14T12:26:59.926Z [ReshimgathiMarathaMatrimony] info: Server is listening on port 3000
2025-05-14T12:26:59.934Z [ReshimgathiMarathaMatrimony] info: MongoDB connected
2025-05-14T12:27:00.528Z [ReshimgathiMarathaMatrimony] info: Server is listening on port 3000
2025-05-14T12:27:00.536Z [ReshimgathiMarathaMatrimony] info: MongoDB connected
2025-05-14T12:27:01.959Z [ReshimgathiMarathaMatrimony] info: POST /api/v1/personal-info 400 71 - 3.437 ms
2025-05-14T12:30:46.170Z [ReshimgathiMarathaMatrimony] info: Server is listening on port 3000
2025-05-14T12:30:46.177Z [ReshimgathiMarathaMatrimony] info: MongoDB connected
2025-05-14T12:30:48.121Z [ReshimgathiMarathaMatrimony] info: POST /api/v1/personal-info 200 780 - 25.065 ms
2025-05-14T12:32:39.431Z [ReshimgathiMarathaMatrimony] info: POST /api/v1/personal-info 200 781 - 71.095 ms
2025-05-14T12:41:12.750Z [ReshimgathiMarathaMatrimony] info: Server is listening on port 3000
2025-05-14T12:41:12.767Z [ReshimgathiMarathaMatrimony] info: MongoDB connected
2025-05-14T12:42:27.831Z [ReshimgathiMarathaMatrimony] info: Server is listening on port 3000
2025-05-14T12:42:27.838Z [ReshimgathiMarathaMatrimony] info: MongoDB connected
2025-05-14T12:43:31.556Z [ReshimgathiMarathaMatrimony] info: Server is listening on port 3000
2025-05-14T12:43:31.563Z [ReshimgathiMarathaMatrimony] info: MongoDB connected
2025-05-14T12:43:38.212Z [ReshimgathiMarathaMatrimony] info: Server is listening on port 3000
2025-05-14T12:43:38.219Z [ReshimgathiMarathaMatrimony] info: MongoDB connected
2025-05-14T12:45:19.840Z [ReshimgathiMarathaMatrimony] info: Server is listening on port 3000
2025-05-14T12:45:19.848Z [ReshimgathiMarathaMatrimony] info: MongoDB connected
2025-05-14T12:45:26.783Z [ReshimgathiMarathaMatrimony] info: Server is listening on port 3000
2025-05-14T12:45:26.789Z [ReshimgathiMarathaMatrimony] info: MongoDB connected
2025-05-14T12:46:27.035Z [ReshimgathiMarathaMatrimony] info: Server is listening on port 3000
2025-05-14T12:46:27.042Z [ReshimgathiMarathaMatrimony] info: MongoDB connected
2025-05-14T12:53:45.276Z [ReshimgathiMarathaMatrimony] info: Server is listening on port 3000
2025-05-14T12:53:45.296Z [ReshimgathiMarathaMatrimony] info: MongoDB connected
2025-05-14T12:53:46.110Z [ReshimgathiMarathaMatrimony] info: Server is listening on port 3000
2025-05-14T12:53:46.116Z [ReshimgathiMarathaMatrimony] info: MongoDB connected
2025-05-14T12:53:46.519Z [ReshimgathiMarathaMatrimony] info: Server is listening on port 3000
2025-05-14T12:53:46.525Z [ReshimgathiMarathaMatrimony] info: MongoDB connected
2025-05-14T12:53:47.788Z [ReshimgathiMarathaMatrimony] info: Server is listening on port 3000
2025-05-14T12:53:47.795Z [ReshimgathiMarathaMatrimony] info: MongoDB connected
2025-05-14T12:53:48.204Z [ReshimgathiMarathaMatrimony] info: Server is listening on port 3000
2025-05-14T12:53:48.210Z [ReshimgathiMarathaMatrimony] info: MongoDB connected
2025-05-14T12:53:49.181Z [ReshimgathiMarathaMatrimony] info: Server is listening on port 3000
2025-05-14T12:53:49.187Z [ReshimgathiMarathaMatrimony] info: MongoDB connected
2025-05-14T12:53:51.148Z [ReshimgathiMarathaMatrimony] error: jwt expired
2025-05-14T12:53:51.150Z [ReshimgathiMarathaMatrimony] info: PUT /api/v1/professional-info 401 47 - 4.083 ms
2025-05-14T12:54:00.636Z [ReshimgathiMarathaMatrimony] info: POST /api/v1/validate-otp 200 1219 - 347.019 ms
2025-05-14T12:54:15.476Z [ReshimgathiMarathaMatrimony] error: jwt expired
2025-05-14T12:54:15.477Z [ReshimgathiMarathaMatrimony] info: PUT /api/v1/professional-info 401 47 - 1.725 ms
2025-05-14T12:54:22.027Z [ReshimgathiMarathaMatrimony] info: PUT /api/v1/professional-info 400 61 - 0.767 ms
2025-05-14T12:54:35.866Z [ReshimgathiMarathaMatrimony] info: PUT /api/v1/professional-info 200 982 - 26.275 ms
2025-05-14T13:02:59.901Z [ReshimgathiMarathaMatrimony] info: Server is listening on port 3000
2025-05-14T13:02:59.916Z [ReshimgathiMarathaMatrimony] info: MongoDB connected
2025-05-14T13:03:53.908Z [ReshimgathiMarathaMatrimony] info: Server is listening on port 3000
2025-05-14T13:03:53.915Z [ReshimgathiMarathaMatrimony] info: MongoDB connected
2025-05-14T13:04:21.649Z [ReshimgathiMarathaMatrimony] info: Server is listening on port 3000
2025-05-14T13:04:21.656Z [ReshimgathiMarathaMatrimony] info: MongoDB connected
2025-05-14T13:04:22.475Z [ReshimgathiMarathaMatrimony] info: Server is listening on port 3000
2025-05-14T13:04:22.483Z [ReshimgathiMarathaMatrimony] info: MongoDB connected
2025-05-14T13:04:22.916Z [ReshimgathiMarathaMatrimony] info: Server is listening on port 3000
2025-05-14T13:04:22.923Z [ReshimgathiMarathaMatrimony] info: MongoDB connected
2025-05-14T13:04:59.732Z [ReshimgathiMarathaMatrimony] info: GET /api/v1/family-background 404 163 - 1.809 ms
2025-05-14T13:05:02.454Z [ReshimgathiMarathaMatrimony] info: GET /api/v1/family-background 404 163 - 0.360 ms
2025-05-14T13:05:13.633Z [ReshimgathiMarathaMatrimony] info: PUT /api/v1/family-background 400 51 - 2.219 ms
2025-05-14T13:05:20.616Z [ReshimgathiMarathaMatrimony] info: POST /api/v1/validate-otp 200 1416 - 698.529 ms
2025-05-14T13:05:44.744Z [ReshimgathiMarathaMatrimony] info: PUT /api/v1/family-background 500 1512 - 5.151 ms
2025-05-14T13:05:49.091Z [ReshimgathiMarathaMatrimony] info: PUT /api/v1/family-background 400 133 - 0.772 ms
2025-05-14T13:06:44.689Z [ReshimgathiMarathaMatrimony] info: PUT /api/v1/family-background 400 62 - 10.147 ms
2025-05-14T13:06:59.893Z [ReshimgathiMarathaMatrimony] info: PUT /api/v1/family-background - - - - ms
2025-05-14T13:07:29.156Z [ReshimgathiMarathaMatrimony] info: PUT /api/v1/family-background - - - - ms
2025-05-14T13:07:40.270Z [ReshimgathiMarathaMatrimony] info: Server is listening on port 3000
2025-05-14T13:07:40.282Z [ReshimgathiMarathaMatrimony] info: MongoDB connected
2025-05-14T13:08:18.087Z [ReshimgathiMarathaMatrimony] info: PUT /api/v1/family-background - - - - ms
2025-05-14T13:08:36.229Z [ReshimgathiMarathaMatrimony] info: Server is listening on port 3000
2025-05-14T13:08:36.236Z [ReshimgathiMarathaMatrimony] info: MongoDB connected
2025-05-14T13:08:38.470Z [ReshimgathiMarathaMatrimony] info: PUT /api/v1/family-background 200 1284 - 16.183 ms
2025-05-14T13:10:49.799Z [ReshimgathiMarathaMatrimony] info: Server is listening on port 3000
2025-05-14T13:10:49.809Z [ReshimgathiMarathaMatrimony] info: MongoDB connected
2025-05-14T13:11:30.563Z [ReshimgathiMarathaMatrimony] info: Server is listening on port 3000
2025-05-14T13:11:30.571Z [ReshimgathiMarathaMatrimony] info: MongoDB connected
2025-05-14T13:12:38.302Z [ReshimgathiMarathaMatrimony] info: Server is listening on port 3000
2025-05-14T13:12:38.309Z [ReshimgathiMarathaMatrimony] info: MongoDB connected
2025-05-14T13:14:04.919Z [ReshimgathiMarathaMatrimony] info: Server is listening on port 3000
2025-05-14T13:14:04.926Z [ReshimgathiMarathaMatrimony] info: MongoDB connected
2025-05-14T13:18:20.578Z [ReshimgathiMarathaMatrimony] info: Server is listening on port 3000
2025-05-14T13:18:20.591Z [ReshimgathiMarathaMatrimony] info: MongoDB connected
2025-05-14T13:18:34.756Z [ReshimgathiMarathaMatrimony] info: Server is listening on port 3000
2025-05-14T13:18:34.763Z [ReshimgathiMarathaMatrimony] info: MongoDB connected
2025-05-14T13:18:38.424Z [ReshimgathiMarathaMatrimony] info: Server is listening on port 3000
2025-05-14T13:18:38.431Z [ReshimgathiMarathaMatrimony] info: MongoDB connected
2025-05-14T13:18:48.178Z [ReshimgathiMarathaMatrimony] info: Server is listening on port 3000
2025-05-14T13:18:48.185Z [ReshimgathiMarathaMatrimony] info: MongoDB connected
2025-05-14T13:19:01.750Z [ReshimgathiMarathaMatrimony] info: Server is listening on port 3000
2025-05-14T13:19:01.761Z [ReshimgathiMarathaMatrimony] info: MongoDB connected
2025-05-14T13:19:03.617Z [ReshimgathiMarathaMatrimony] info: Server is listening on port 3000
2025-05-14T13:19:03.623Z [ReshimgathiMarathaMatrimony] info: MongoDB connected
2025-05-14T13:19:56.837Z [ReshimgathiMarathaMatrimony] info: Server is listening on port 3000
2025-05-14T13:19:56.844Z [ReshimgathiMarathaMatrimony] info: MongoDB connected
2025-05-14T13:19:57.783Z [ReshimgathiMarathaMatrimony] info: Server is listening on port 3000
2025-05-14T13:19:57.790Z [ReshimgathiMarathaMatrimony] info: MongoDB connected
2025-05-14T13:21:52.296Z [ReshimgathiMarathaMatrimony] info: POST /api/v1/validate-otp 200 1713 - 3434.741 ms
2025-05-14T13:24:05.956Z [ReshimgathiMarathaMatrimony] info: PUT /api/v1/residential-info 400 58 - 12.533 ms
2025-05-14T13:24:56.041Z [ReshimgathiMarathaMatrimony] info: PUT /api/v1/residential-info - - - - ms
2025-05-14T13:25:21.052Z [ReshimgathiMarathaMatrimony] info: Server is listening on port 3000
2025-05-14T13:25:21.068Z [ReshimgathiMarathaMatrimony] info: MongoDB connected
2025-05-14T13:25:22.349Z [ReshimgathiMarathaMatrimony] info: PUT /api/v1/residential-info 200 1446 - 36.226 ms
2025-05-14T13:26:00.040Z [ReshimgathiMarathaMatrimony] info: PUT /api/v1/contact-info 500 1505 - 5.559 ms
2025-05-14T13:26:03.102Z [ReshimgathiMarathaMatrimony] info: PUT /api/v1/contact-info 400 60 - 2.226 ms
2025-05-14T13:26:08.714Z [ReshimgathiMarathaMatrimony] info: PUT /api/v1/contact-info 200 1538 - 12.071 ms
2025-05-14T13:26:34.152Z [ReshimgathiMarathaMatrimony] info: Server is listening on port 3000
2025-05-14T13:26:34.161Z [ReshimgathiMarathaMatrimony] info: MongoDB connected
2025-05-14T13:29:07.608Z [ReshimgathiMarathaMatrimony] info: Server is listening on port 3000
2025-05-14T13:29:07.615Z [ReshimgathiMarathaMatrimony] info: MongoDB connected
2025-05-14T13:32:59.473Z [ReshimgathiMarathaMatrimony] info: Server is listening on port 3000
2025-05-14T13:32:59.485Z [ReshimgathiMarathaMatrimony] info: MongoDB connected
2025-05-14T13:33:43.159Z [ReshimgathiMarathaMatrimony] info: Server is listening on port 3000
2025-05-14T13:33:43.165Z [ReshimgathiMarathaMatrimony] info: MongoDB connected
2025-05-14T13:34:10.461Z [ReshimgathiMarathaMatrimony] info: Server is listening on port 3000
2025-05-14T13:34:10.469Z [ReshimgathiMarathaMatrimony] info: MongoDB connected
2025-05-14T13:34:11.084Z [ReshimgathiMarathaMatrimony] info: Server is listening on port 3000
2025-05-14T13:34:11.091Z [ReshimgathiMarathaMatrimony] info: MongoDB connected
2025-05-14T13:34:11.505Z [ReshimgathiMarathaMatrimony] info: Server is listening on port 3000
2025-05-14T13:34:11.512Z [ReshimgathiMarathaMatrimony] info: MongoDB connected
2025-05-14T13:34:15.184Z [ReshimgathiMarathaMatrimony] info: Server is listening on port 3000
2025-05-14T13:34:15.190Z [ReshimgathiMarathaMatrimony] info: MongoDB connected
2025-05-14T13:34:50.123Z [ReshimgathiMarathaMatrimony] info: POST /api/v1/expectation-info 404 163 - 2.387 ms
2025-05-14T13:34:54.887Z [ReshimgathiMarathaMatrimony] info: POST /api/v1/expectation-info 404 163 - 1.940 ms
2025-05-14T13:35:01.222Z [ReshimgathiMarathaMatrimony] info: POST /api/v1/expectation-info 404 163 - 1.087 ms
2025-05-14T13:35:06.717Z [ReshimgathiMarathaMatrimony] info: POST /api/v1/validate-otp 200 1977 - 620.216 ms
2025-05-14T13:35:24.182Z [ReshimgathiMarathaMatrimony] info: POST /api/v1/expectation-info 404 163 - 0.657 ms
2025-05-14T13:35:25.754Z [ReshimgathiMarathaMatrimony] info: POST /api/v1/expectation-info 404 163 - 0.413 ms
2025-05-14T13:35:26.519Z [ReshimgathiMarathaMatrimony] info: POST /api/v1/expectation-info 404 163 - 0.477 ms
2025-05-14T13:35:30.393Z [ReshimgathiMarathaMatrimony] info: POST /api/v1/expectation-info 404 163 - 1.084 ms
2025-05-14T13:35:31.140Z [ReshimgathiMarathaMatrimony] info: POST /api/v1/expectation-info 404 163 - 0.256 ms
2025-05-14T13:35:36.785Z [ReshimgathiMarathaMatrimony] info: PUT /api/v1/expectation-info 400 153 - 3.753 ms
2025-05-14T13:35:41.397Z [ReshimgathiMarathaMatrimony] info: PUT /api/v1/expectation-info 500 1509 - 1.951 ms
2025-05-14T13:35:44.696Z [ReshimgathiMarathaMatrimony] info: PUT /api/v1/expectation-info 400 153 - 0.848 ms
2025-05-14T13:37:37.042Z [ReshimgathiMarathaMatrimony] info: PUT /api/v1/expectation-info 200 1841 - 29.946 ms
2025-05-14T13:41:54.882Z [ReshimgathiMarathaMatrimony] info: Server is listening on port 3000
2025-05-14T13:41:54.899Z [ReshimgathiMarathaMatrimony] info: MongoDB connected
2025-05-14T13:41:55.429Z [ReshimgathiMarathaMatrimony] info: Server is listening on port 3000
2025-05-14T13:41:55.435Z [ReshimgathiMarathaMatrimony] info: MongoDB connected
2025-05-14T13:41:57.772Z [ReshimgathiMarathaMatrimony] info: Server is listening on port 3000
2025-05-14T13:41:57.778Z [ReshimgathiMarathaMatrimony] info: MongoDB connected
